<?xml version="1.0" encoding="UTF-8"?>
<testsuite xmlns:xsi="http://www.w3.org/2001/XMLSchema-instance" xsi:noNamespaceSchemaLocation="https://maven.apache.org/surefire/maven-surefire-plugin/xsd/surefire-test-report.xsd" name="TestSuite" time="9.863" tests="4" errors="0" skipped="0" failures="3">
  <properties>
    <property name="sun.desktop" value="windows"/>
    <property name="awt.toolkit" value="sun.awt.windows.WToolkit"/>
    <property name="file.encoding.pkg" value="sun.io"/>
    <property name="java.specification.version" value="1.8"/>
    <property name="sun.cpu.isalist" value="amd64"/>
    <property name="sun.jnu.encoding" value="Cp1252"/>
    <property name="java.class.path" value="D:\CybPro\eclipsLuna\APIpoc\target\test-classes;D:\CybPro\eclipsLuna\APIpoc\target\classes;C:\Users\shridharn\.m2\repository\org\testng\testng\6.14.3\testng-6.14.3.jar;C:\Users\shridharn\.m2\repository\com\beust\jcommander\1.72\jcommander-1.72.jar;C:\Users\shridharn\.m2\repository\org\apache-extras\beanshell\bsh\2.0b6\bsh-2.0b6.jar;C:\Users\shridharn\.m2\repository\io\rest-assured\rest-assured\3.1.1\rest-assured-3.1.1.jar;C:\Users\shridharn\.m2\repository\org\codehaus\groovy\groovy\2.4.12\groovy-2.4.12.jar;C:\Users\shridharn\.m2\repository\org\codehaus\groovy\groovy-xml\2.4.12\groovy-xml-2.4.12.jar;C:\Users\shridharn\.m2\repository\org\apache\httpcomponents\httpclient\4.5.3\httpclient-4.5.3.jar;C:\Users\shridharn\.m2\repository\org\apache\httpcomponents\httpcore\4.4.6\httpcore-4.4.6.jar;C:\Users\shridharn\.m2\repository\commons-logging\commons-logging\1.2\commons-logging-1.2.jar;C:\Users\shridharn\.m2\repository\commons-codec\commons-codec\1.9\commons-codec-1.9.jar;C:\Users\shridharn\.m2\repository\org\apache\httpcomponents\httpmime\4.5.1\httpmime-4.5.1.jar;C:\Users\shridharn\.m2\repository\org\hamcrest\hamcrest-core\1.3\hamcrest-core-1.3.jar;C:\Users\shridharn\.m2\repository\org\hamcrest\hamcrest-library\1.3\hamcrest-library-1.3.jar;C:\Users\shridharn\.m2\repository\org\ccil\cowan\tagsoup\tagsoup\1.2.1\tagsoup-1.2.1.jar;C:\Users\shridharn\.m2\repository\io\rest-assured\json-path\3.1.1\json-path-3.1.1.jar;C:\Users\shridharn\.m2\repository\org\codehaus\groovy\groovy-json\2.4.12\groovy-json-2.4.12.jar;C:\Users\shridharn\.m2\repository\io\rest-assured\rest-assured-common\3.1.1\rest-assured-common-3.1.1.jar;C:\Users\shridharn\.m2\repository\io\rest-assured\xml-path\3.1.1\xml-path-3.1.1.jar;C:\Users\shridharn\.m2\repository\org\apache\commons\commons-lang3\3.4\commons-lang3-3.4.jar;C:\Users\shridharn\.m2\repository\javax\xml\bind\jaxb-api\2.2.12\jaxb-api-2.2.12.jar;C:\Users\shridharn\.m2\repository\io\rest-assured\json-schema-validator\3.1.1\json-schema-validator-3.1.1.jar;C:\Users\shridharn\.m2\repository\com\github\fge\json-schema-validator\2.2.6\json-schema-validator-2.2.6.jar;C:\Users\shridharn\.m2\repository\com\google\code\findbugs\jsr305\3.0.0\jsr305-3.0.0.jar;C:\Users\shridharn\.m2\repository\joda-time\joda-time\2.3\joda-time-2.3.jar;C:\Users\shridharn\.m2\repository\com\googlecode\libphonenumber\libphonenumber\6.2\libphonenumber-6.2.jar;C:\Users\shridharn\.m2\repository\com\github\fge\json-schema-core\1.2.5\json-schema-core-1.2.5.jar;C:\Users\shridharn\.m2\repository\com\github\fge\uri-template\0.9\uri-template-0.9.jar;C:\Users\shridharn\.m2\repository\com\github\fge\msg-simple\1.1\msg-simple-1.1.jar;C:\Users\shridharn\.m2\repository\com\github\fge\btf\1.2\btf-1.2.jar;C:\Users\shridharn\.m2\repository\com\google\guava\guava\16.0.1\guava-16.0.1.jar;C:\Users\shridharn\.m2\repository\com\github\fge\jackson-coreutils\1.8\jackson-coreutils-1.8.jar;C:\Users\shridharn\.m2\repository\com\fasterxml\jackson\core\jackson-databind\2.2.3\jackson-databind-2.2.3.jar;C:\Users\shridharn\.m2\repository\com\fasterxml\jackson\core\jackson-annotations\2.2.3\jackson-annotations-2.2.3.jar;C:\Users\shridharn\.m2\repository\com\fasterxml\jackson\core\jackson-core\2.2.3\jackson-core-2.2.3.jar;C:\Users\shridharn\.m2\repository\org\mozilla\rhino\1.7R4\rhino-1.7R4.jar;C:\Users\shridharn\.m2\repository\javax\mail\mailapi\1.4.3\mailapi-1.4.3.jar;C:\Users\shridharn\.m2\repository\javax\activation\activation\1.1\activation-1.1.jar;C:\Users\shridharn\.m2\repository\net\sf\jopt-simple\jopt-simple\4.6\jopt-simple-4.6.jar;C:\Users\shridharn\.m2\repository\com\opencsv\opencsv\4.1\opencsv-4.1.jar;C:\Users\shridharn\.m2\repository\org\apache\commons\commons-text\1.1\commons-text-1.1.jar;C:\Users\shridharn\.m2\repository\commons-beanutils\commons-beanutils\1.9.3\commons-beanutils-1.9.3.jar;C:\Users\shridharn\.m2\repository\commons-collections\commons-collections\3.2.2\commons-collections-3.2.2.jar;C:\Users\shridharn\.m2\repository\org\apache\maven\surefire\surefire-testng-utils\2.21.0\surefire-testng-utils-2.21.0.jar;C:\Users\shridharn\.m2\repository\org\apache\maven\surefire\surefire-grouper\2.21.0\surefire-grouper-2.21.0.jar;"/>
    <property name="java.vm.vendor" value="Oracle Corporation"/>
    <property name="sun.arch.data.model" value="64"/>
    <property name="user.variant" value=""/>
    <property name="java.vendor.url" value="http://java.oracle.com/"/>
    <property name="user.timezone" value=""/>
    <property name="java.vm.specification.version" value="1.8"/>
    <property name="os.name" value="Windows 10"/>
    <property name="user.country" value="US"/>
    <property name="sun.java.launcher" value="SUN_STANDARD"/>
    <property name="sun.boot.library.path" value="C:\Program Files\Java\jre1.8.0_161\bin"/>
    <property name="sun.java.command" value="C:\Users\SHRIDH~1\AppData\Local\Temp\surefire1738861224272884342\surefirebooter4309118539123510143.jar C:\Users\shridharn\AppData\Local\Temp\surefire1738861224272884342 2019-07-02T16-35-57_229-jvmRun1 surefire930928897970850026tmp surefire_06817051089352558208tmp"/>
    <property name="surefire.test.class.path" value="D:\CybPro\eclipsLuna\APIpoc\target\test-classes;D:\CybPro\eclipsLuna\APIpoc\target\classes;C:\Users\shridharn\.m2\repository\org\testng\testng\6.14.3\testng-6.14.3.jar;C:\Users\shridharn\.m2\repository\com\beust\jcommander\1.72\jcommander-1.72.jar;C:\Users\shridharn\.m2\repository\org\apache-extras\beanshell\bsh\2.0b6\bsh-2.0b6.jar;C:\Users\shridharn\.m2\repository\io\rest-assured\rest-assured\3.1.1\rest-assured-3.1.1.jar;C:\Users\shridharn\.m2\repository\org\codehaus\groovy\groovy\2.4.12\groovy-2.4.12.jar;C:\Users\shridharn\.m2\repository\org\codehaus\groovy\groovy-xml\2.4.12\groovy-xml-2.4.12.jar;C:\Users\shridharn\.m2\repository\org\apache\httpcomponents\httpclient\4.5.3\httpclient-4.5.3.jar;C:\Users\shridharn\.m2\repository\org\apache\httpcomponents\httpcore\4.4.6\httpcore-4.4.6.jar;C:\Users\shridharn\.m2\repository\commons-logging\commons-logging\1.2\commons-logging-1.2.jar;C:\Users\shridharn\.m2\repository\commons-codec\commons-codec\1.9\commons-codec-1.9.jar;C:\Users\shridharn\.m2\repository\org\apache\httpcomponents\httpmime\4.5.1\httpmime-4.5.1.jar;C:\Users\shridharn\.m2\repository\org\hamcrest\hamcrest-core\1.3\hamcrest-core-1.3.jar;C:\Users\shridharn\.m2\repository\org\hamcrest\hamcrest-library\1.3\hamcrest-library-1.3.jar;C:\Users\shridharn\.m2\repository\org\ccil\cowan\tagsoup\tagsoup\1.2.1\tagsoup-1.2.1.jar;C:\Users\shridharn\.m2\repository\io\rest-assured\json-path\3.1.1\json-path-3.1.1.jar;C:\Users\shridharn\.m2\repository\org\codehaus\groovy\groovy-json\2.4.12\groovy-json-2.4.12.jar;C:\Users\shridharn\.m2\repository\io\rest-assured\rest-assured-common\3.1.1\rest-assured-common-3.1.1.jar;C:\Users\shridharn\.m2\repository\io\rest-assured\xml-path\3.1.1\xml-path-3.1.1.jar;C:\Users\shridharn\.m2\repository\org\apache\commons\commons-lang3\3.4\commons-lang3-3.4.jar;C:\Users\shridharn\.m2\repository\javax\xml\bind\jaxb-api\2.2.12\jaxb-api-2.2.12.jar;C:\Users\shridharn\.m2\repository\io\rest-assured\json-schema-validator\3.1.1\json-schema-validator-3.1.1.jar;C:\Users\shridharn\.m2\repository\com\github\fge\json-schema-validator\2.2.6\json-schema-validator-2.2.6.jar;C:\Users\shridharn\.m2\repository\com\google\code\findbugs\jsr305\3.0.0\jsr305-3.0.0.jar;C:\Users\shridharn\.m2\repository\joda-time\joda-time\2.3\joda-time-2.3.jar;C:\Users\shridharn\.m2\repository\com\googlecode\libphonenumber\libphonenumber\6.2\libphonenumber-6.2.jar;C:\Users\shridharn\.m2\repository\com\github\fge\json-schema-core\1.2.5\json-schema-core-1.2.5.jar;C:\Users\shridharn\.m2\repository\com\github\fge\uri-template\0.9\uri-template-0.9.jar;C:\Users\shridharn\.m2\repository\com\github\fge\msg-simple\1.1\msg-simple-1.1.jar;C:\Users\shridharn\.m2\repository\com\github\fge\btf\1.2\btf-1.2.jar;C:\Users\shridharn\.m2\repository\com\google\guava\guava\16.0.1\guava-16.0.1.jar;C:\Users\shridharn\.m2\repository\com\github\fge\jackson-coreutils\1.8\jackson-coreutils-1.8.jar;C:\Users\shridharn\.m2\repository\com\fasterxml\jackson\core\jackson-databind\2.2.3\jackson-databind-2.2.3.jar;C:\Users\shridharn\.m2\repository\com\fasterxml\jackson\core\jackson-annotations\2.2.3\jackson-annotations-2.2.3.jar;C:\Users\shridharn\.m2\repository\com\fasterxml\jackson\core\jackson-core\2.2.3\jackson-core-2.2.3.jar;C:\Users\shridharn\.m2\repository\org\mozilla\rhino\1.7R4\rhino-1.7R4.jar;C:\Users\shridharn\.m2\repository\javax\mail\mailapi\1.4.3\mailapi-1.4.3.jar;C:\Users\shridharn\.m2\repository\javax\activation\activation\1.1\activation-1.1.jar;C:\Users\shridharn\.m2\repository\net\sf\jopt-simple\jopt-simple\4.6\jopt-simple-4.6.jar;C:\Users\shridharn\.m2\repository\com\opencsv\opencsv\4.1\opencsv-4.1.jar;C:\Users\shridharn\.m2\repository\org\apache\commons\commons-text\1.1\commons-text-1.1.jar;C:\Users\shridharn\.m2\repository\commons-beanutils\commons-beanutils\1.9.3\commons-beanutils-1.9.3.jar;C:\Users\shridharn\.m2\repository\commons-collections\commons-collections\3.2.2\commons-collections-3.2.2.jar;C:\Users\shridharn\.m2\repository\org\apache\maven\surefire\surefire-testng-utils\2.21.0\surefire-testng-utils-2.21.0.jar;C:\Users\shridharn\.m2\repository\org\apache\maven\surefire\surefire-grouper\2.21.0\surefire-grouper-2.21.0.jar;"/>
    <property name="sun.cpu.endian" value="little"/>
    <property name="user.home" value="C:\Users\shridharn"/>
    <property name="user.language" value="en"/>
    <property name="java.specification.vendor" value="Oracle Corporation"/>
    <property name="java.home" value="C:\Program Files\Java\jre1.8.0_161"/>
    <property name="basedir" value="D:\CybPro\eclipsLuna\APIpoc"/>
    <property name="file.separator" value="\"/>
    <property name="line.separator" value="&#10;"/>
    <property name="java.vm.specification.vendor" value="Oracle Corporation"/>
    <property name="java.specification.name" value="Java Platform API Specification"/>
    <property name="java.awt.graphicsenv" value="sun.awt.Win32GraphicsEnvironment"/>
    <property name="surefire.real.class.path" value="C:\Users\SHRIDH~1\AppData\Local\Temp\surefire1738861224272884342\surefirebooter4309118539123510143.jar"/>
    <property name="sun.boot.class.path" value="C:\Program Files\Java\jre1.8.0_161\lib\resources.jar;C:\Program Files\Java\jre1.8.0_161\lib\rt.jar;C:\Program Files\Java\jre1.8.0_161\lib\sunrsasign.jar;C:\Program Files\Java\jre1.8.0_161\lib\jsse.jar;C:\Program Files\Java\jre1.8.0_161\lib\jce.jar;C:\Program Files\Java\jre1.8.0_161\lib\charsets.jar;C:\Program Files\Java\jre1.8.0_161\lib\jfr.jar;C:\Program Files\Java\jre1.8.0_161\classes"/>
    <property name="user.script" value=""/>
    <property name="sun.management.compiler" value="HotSpot 64-Bit Tiered Compilers"/>
    <property name="java.runtime.version" value="1.8.0_161-b12"/>
    <property name="user.name" value="shridharn"/>
    <property name="path.separator" value=";"/>
    <property name="os.version" value="10.0"/>
    <property name="java.endorsed.dirs" value="C:\Program Files\Java\jre1.8.0_161\lib\endorsed"/>
    <property name="java.runtime.name" value="Java(TM) SE Runtime Environment"/>
    <property name="file.encoding" value="Cp1252"/>
    <property name="java.vm.name" value="Java HotSpot(TM) 64-Bit Server VM"/>
    <property name="localRepository" value="C:\Users\shridharn\.m2\repository"/>
    <property name="java.vendor.url.bug" value="http://bugreport.sun.com/bugreport/"/>
    <property name="java.io.tmpdir" value="C:\Users\SHRIDH~1\AppData\Local\Temp\"/>
    <property name="java.version" value="1.8.0_161"/>
    <property name="user.dir" value="D:\CybPro\eclipsLuna\APIpoc"/>
    <property name="os.arch" value="amd64"/>
    <property name="java.vm.specification.name" value="Java Virtual Machine Specification"/>
    <property name="java.awt.printerjob" value="sun.awt.windows.WPrinterJob"/>
    <property name="sun.os.patch.level" value=""/>
    <property name="java.library.path" value="C:\Program Files\Java\jre1.8.0_161\bin;C:\Windows\Sun\Java\bin;C:\Windows\system32;C:\Windows;C:/Program Files/Java/jre1.8.0_161/bin/server;C:/Program Files/Java/jre1.8.0_161/bin;C:/Program Files/Java/jre1.8.0_161/lib/amd64;C:\ProgramData\Oracle\Java\javapath;C:\Windows\system32;C:\Windows;C:\Windows\System32\Wbem;C:\Windows\System32\WindowsPowerShell\v1.0\;C:\Windows\System32\OpenSSH\;C:\Program Files\nodejs\;C:\ProgramData\chocolatey\bin;C:\Program Files\MySQL\MySQL Utilities 1.6\;D:\installation DIR\Python\Scripts\;D:\installation DIR\Python\;C:\Users\shridharn\AppData\Local\Microsoft\WindowsApps;D:\installation DIR\intellJ IDE\IntelliJ IDEA Community Edition 2019.1\bin;C:\Users\shridharn\AppData\Roaming\npm;C:\Users\shridharn\AppData\Local\Android\Sdk\tools;C:\Users\shridharn\AppData\Local\Android\Sdk\platform-tools;C:\Users\shridharn\AppData\Local\Android\Sdk\tools;C:\Users\shridharn\AppData\Local\Android\Sdk\platform-tools;C:\Program Files\Git\cmd;D:\installation DIR\Python\Scripts;D:\installation DIR\Python\Scripts\;D:\installation DIR\Python\;C:\Users\shridharn\AppData\Local\Microsoft\WindowsApps;D:\installation DIR\intellJ IDE\IntelliJ IDEA Community Edition 2019.1\bin;C:\Users\shridharn\AppData\Roaming\npm;D:\installation DIR\Fiddler2\Fiddler;;C:\Windows\system32;;."/>
    <property name="java.vm.info" value="mixed mode"/>
    <property name="java.vendor" value="Oracle Corporation"/>
    <property name="java.vm.version" value="25.161-b12"/>
    <property name="java.ext.dirs" value="C:\Program Files\Java\jre1.8.0_161\lib\ext;C:\Windows\Sun\Java\lib\ext"/>
    <property name="sun.io.unicode.encoding" value="UnicodeLittle"/>
    <property name="java.class.version" value="52.0"/>
  </properties>
  <testcase name="basicAuthorization" classname="com.apiTests.BasicAuthTests" time="3.743"/>
  <testcase name="basicAuthorization" classname="com.apiTests.BasicAuthTests" time="1.315">
    <failure message="The following asserts failed:&#10;	same how bad request or credentials worng  expected [200] but found [401]" type="java.lang.AssertionError">java.lang.AssertionError: 
The following asserts failed:
	same how bad request or credentials worng  expected [200] but found [401]
	at com.apiTests.BasicAuthTests.basicAuthorization(BasicAuthTests.java:160)
</failure>
    <system-out><![CDATA[HTTP/1.1 401 Unauthorized
Date: Tue, 02 Jul 2019 11:06:05 GMT
Server: Apigee LB
Content-Length: 0
Connection: keep-alive
status code: 401 -->with massage : HTTP/1.1 401 Unauthorized
]]></system-out>
  </testcase>
  <testcase name="basicAuthorization" classname="com.apiTests.BasicAuthTests" time="0.758">
    <failure message="The following asserts failed:&#10;	same how bad request or credentials worng  expected [200] but found [401]" type="java.lang.AssertionError">java.lang.AssertionError: 
The following asserts failed:
	same how bad request or credentials worng  expected [200] but found [401]
	at com.apiTests.BasicAuthTests.basicAuthorization(BasicAuthTests.java:160)
</failure>
    <system-out><![CDATA[HTTP/1.1 401 Unauthorized
Date: Tue, 02 Jul 2019 11:06:06 GMT
Server: Apigee LB
Content-Length: 0
Connection: keep-alive
status code: 401 -->with massage : HTTP/1.1 401 Unauthorized
]]></system-out>
  </testcase>
  <testcase name="basicAuthorization" classname="com.apiTests.BasicAuthTests" time="0.771">
    <failure message="The following asserts failed:&#10;	same how bad request or credentials worng  expected [200] but found [401]" type="java.lang.AssertionError">java.lang.AssertionError: 
The following asserts failed:
	same how bad request or credentials worng  expected [200] but found [401]
	at com.apiTests.BasicAuthTests.basicAuthorization(BasicAuthTests.java:160)
</failure>
    <system-out><![CDATA[HTTP/1.1 401 Unauthorized
Date: Tue, 02 Jul 2019 11:06:07 GMT
Server: Apigee LB
Content-Length: 0
Connection: keep-alive
status code: 401 -->with massage : HTTP/1.1 401 Unauthorized
]]></system-out>
  </testcase>
</testsuite>