<?xml version="1.0" encoding="UTF-8"?>
<!-- Generated by org.testng.reporters.JUnitReportReporter -->
<testsuite skipped="0" hostname="SHRIDHARN-WIN10" name="com.apiTests.sampleAct" tests="1" failures="0" timestamp="02 Jul 2019 09:30:16 GMT" time="0.008" errors="0">
  <testcase name="mainval" time="0.008" classname="com.apiTests.sampleAct"/>
</testsuite> <!-- com.apiTests.sampleAct -->
